<?xml version="1.0" encoding="UTF-8"?>
<!-- Generated by org.testng.reporters.JUnitReportReporter -->
<testsuite skipped="0" hostname="Dexter-Laptop" name="com.learning.SampleTest" tests="1" failures="0" timestamp="24 May 2021 05:57:12 GMT" time="0.020" errors="0">
  <testcase name="testProgram" time="0.020" classname="com.learning.SampleTest"/>
</testsuite> <!-- com.learning.SampleTest -->
